<?xml version="1.0" encoding="UTF-8"?>
<coverage generated="1776216335806" clover="3.2.0">
  <project timestamp="1776216335806" name="All files">
    <metrics statements="45" coveredstatements="40" conditionals="30" coveredconditionals="21" methods="35" coveredmethods="31" elements="110" coveredelements="92" complexity="0" loc="45" ncloc="45" packages="1" files="1" classes="1"/>
    <file name="sessionService.ts" path="/Users/mahbo1/Desktop/mobile_project/grocery-buddy/lib/api/sessionService.ts">
      <metrics statements="45" coveredstatements="40" conditionals="30" coveredconditionals="21" methods="35" coveredmethods="31"/>
      <line num="48" count="9" type="cond" truecount="2" falsecount="0"/>
      <line num="50" count="16" type="stmt"/>
      <line num="59" count="8" type="stmt"/>
      <line num="67" count="8" type="stmt"/>
      <line num="68" count="8" type="stmt"/>
      <line num="72" count="2" type="stmt"/>
      <line num="76" count="3" type="cond" truecount="2" falsecount="0"/>
      <line num="80" count="0" type="stmt"/>
      <line num="81" count="0" type="stmt"/>
      <line num="82" count="0" type="cond" truecount="0" falsecount="2"/>
      <line num="83" count="0" type="stmt"/>
      <line num="86" count="0" type="cond" truecount="0" falsecount="2"/>
      <line num="94" count="1" type="stmt"/>
      <line num="95" count="1" type="stmt"/>
      <line num="96" count="1" type="stmt"/>
      <line num="97" count="1" type="cond" truecount="1" falsecount="1"/>
      <line num="98" count="1" type="stmt"/>
      <line num="101" count="2" type="cond" truecount="2" falsecount="0"/>
      <line num="115" count="2" type="stmt"/>
      <line num="124" count="2" type="stmt"/>
      <line num="125" count="2" type="stmt"/>
      <line num="126" count="2" type="cond" truecount="1" falsecount="1"/>
      <line num="134" count="1" type="stmt"/>
      <line num="135" count="1" type="stmt"/>
      <line num="136" count="1" type="stmt"/>
      <line num="137" count="1" type="cond" truecount="1" falsecount="1"/>
      <line num="138" count="1" type="stmt"/>
      <line num="140" count="3" type="stmt"/>
      <line num="147" count="2" type="stmt"/>
      <line num="148" count="2" type="stmt"/>
      <line num="150" count="2" type="stmt"/>
      <line num="151" count="3" type="cond" truecount="2" falsecount="0"/>
      <line num="152" count="2" type="cond" truecount="2" falsecount="0"/>
      <line num="154" count="2" type="stmt"/>
      <line num="156" count="1" type="stmt"/>
      <line num="157" count="3" type="stmt"/>
      <line num="158" count="1" type="stmt"/>
      <line num="167" count="1" type="cond" truecount="1" falsecount="1"/>
      <line num="169" count="1" type="stmt"/>
      <line num="170" count="1" type="stmt"/>
      <line num="173" count="2" type="cond" truecount="2" falsecount="0"/>
      <line num="178" count="2" type="stmt"/>
      <line num="179" count="2" type="stmt"/>
      <line num="180" count="2" type="cond" truecount="1" falsecount="1"/>
      <line num="188" count="4" type="stmt"/>
    </file>
  </project>
</coverage>
