{"/Users/mahbo1/Desktop/mobile_project/grocery-buddy/lib/api/sessionService.ts": {"path":"/Users/mahbo1/Desktop/mobile_project/grocery-buddy/lib/api/sessionService.ts","statementMap":{"0":{"start":{"line":48,"column":4},"end":{"line":48,"column":45}},"1":{"start":{"line":48,"column":33},"end":{"line":48,"column":45}},"2":{"start":{"line":50,"column":41},"end":{"line":57,"column":7}},"3":{"start":{"line":50,"column":67},"end":{"line":57,"column":5}},"4":{"start":{"line":59,"column":40},"end":{"line":65,"column":5}},"5":{"start":{"line":67,"column":4},"end":{"line":67,"column":54}},"6":{"start":{"line":67,"column":31},"end":{"line":67,"column":52}},"7":{"start":{"line":68,"column":4},"end":{"line":68,"column":22}},"8":{"start":{"line":72,"column":4},"end":{"line":72,"column":68}},"9":{"start":{"line":72,"column":48},"end":{"line":72,"column":66}},"10":{"start":{"line":76,"column":4},"end":{"line":76,"column":87}},"11":{"start":{"line":76,"column":48},"end":{"line":76,"column":85}},"12":{"start":{"line":80,"column":4},"end":{"line":90,"column":6}},"13":{"start":{"line":81,"column":6},"end":{"line":89,"column":8}},"14":{"start":{"line":82,"column":8},"end":{"line":82,"column":53}},"15":{"start":{"line":82,"column":38},"end":{"line":82,"column":53}},"16":{"start":{"line":83,"column":8},"end":{"line":88,"column":10}},"17":{"start":{"line":86,"column":12},"end":{"line":86,"column":83}},"18":{"start":{"line":94,"column":22},"end":{"line":94,"column":44}},"19":{"start":{"line":95,"column":4},"end":{"line":105,"column":6}},"20":{"start":{"line":96,"column":6},"end":{"line":104,"column":8}},"21":{"start":{"line":97,"column":8},"end":{"line":97,"column":53}},"22":{"start":{"line":97,"column":38},"end":{"line":97,"column":53}},"23":{"start":{"line":98,"column":8},"end":{"line":103,"column":10}},"24":{"start":{"line":101,"column":12},"end":{"line":101,"column":81}},"25":{"start":{"line":115,"column":33},"end":{"line":122,"column":5}},"26":{"start":{"line":124,"column":4},"end":{"line":130,"column":6}},"27":{"start":{"line":125,"column":6},"end":{"line":129,"column":7}},"28":{"start":{"line":126,"column":8},"end":{"line":128,"column":19}},"29":{"start":{"line":134,"column":22},"end":{"line":134,"column":44}},"30":{"start":{"line":135,"column":4},"end":{"line":143,"column":6}},"31":{"start":{"line":136,"column":6},"end":{"line":142,"column":8}},"32":{"start":{"line":137,"column":8},"end":{"line":137,"column":53}},"33":{"start":{"line":137,"column":38},"end":{"line":137,"column":53}},"34":{"start":{"line":138,"column":8},"end":{"line":141,"column":10}},"35":{"start":{"line":140,"column":48},"end":{"line":140,"column":85}},"36":{"start":{"line":147,"column":4},"end":{"line":174,"column":7}},"37":{"start":{"line":148,"column":22},"end":{"line":148,"column":27}},"38":{"start":{"line":150,"column":19},"end":{"line":171,"column":8}},"39":{"start":{"line":151,"column":8},"end":{"line":151,"column":53}},"40":{"start":{"line":151,"column":38},"end":{"line":151,"column":53}},"41":{"start":{"line":152,"column":8},"end":{"line":152,"column":48}},"42":{"start":{"line":152,"column":33},"end":{"line":152,"column":48}},"43":{"start":{"line":154,"column":32},"end":{"line":154,"column":75}},"44":{"start":{"line":154,"column":65},"end":{"line":154,"column":73}},"45":{"start":{"line":156,"column":40},"end":{"line":165,"column":13}},"46":{"start":{"line":157,"column":28},"end":{"line":157,"column":57}},"47":{"start":{"line":158,"column":26},"end":{"line":165,"column":11}},"48":{"start":{"line":167,"column":8},"end":{"line":167,"column":50}},"49":{"start":{"line":167,"column":35},"end":{"line":167,"column":50}},"50":{"start":{"line":169,"column":8},"end":{"line":169,"column":25}},"51":{"start":{"line":170,"column":8},"end":{"line":170,"column":70}},"52":{"start":{"line":173,"column":6},"end":{"line":173,"column":37}},"53":{"start":{"line":178,"column":4},"end":{"line":184,"column":6}},"54":{"start":{"line":179,"column":6},"end":{"line":183,"column":7}},"55":{"start":{"line":180,"column":8},"end":{"line":182,"column":19}},"56":{"start":{"line":188,"column":4},"end":{"line":188,"column":71}},"57":{"start":{"line":188,"column":31},"end":{"line":188,"column":69}},"58":{"start":{"line":188,"column":50},"end":{"line":188,"column":68}}},"fnMap":{"0":{"name":"(anonymous_0)","decl":{"start":{"line":42,"column":2},"end":{"line":42,"column":3}},"loc":{"start":{"line":45,"column":4},"end":{"line":45,"column":6}},"line":45},"1":{"name":"(anonymous_1)","decl":{"start":{"line":47,"column":2},"end":{"line":47,"column":3}},"loc":{"start":{"line":47,"column":58},"end":{"line":69,"column":3}},"line":47},"2":{"name":"(anonymous_2)","decl":{"start":{"line":50,"column":56},"end":{"line":50,"column":57}},"loc":{"start":{"line":50,"column":67},"end":{"line":57,"column":5}},"line":50},"3":{"name":"(anonymous_3)","decl":{"start":{"line":67,"column":21},"end":{"line":67,"column":22}},"loc":{"start":{"line":67,"column":31},"end":{"line":67,"column":52}},"line":67},"4":{"name":"(anonymous_4)","decl":{"start":{"line":71,"column":2},"end":{"line":71,"column":3}},"loc":{"start":{"line":71,"column":61},"end":{"line":73,"column":3}},"line":71},"5":{"name":"(anonymous_5)","decl":{"start":{"line":72,"column":41},"end":{"line":72,"column":42}},"loc":{"start":{"line":72,"column":48},"end":{"line":72,"column":66}},"line":72},"6":{"name":"(anonymous_6)","decl":{"start":{"line":75,"column":2},"end":{"line":75,"column":3}},"loc":{"start":{"line":75,"column":64},"end":{"line":77,"column":3}},"line":75},"7":{"name":"(anonymous_7)","decl":{"start":{"line":76,"column":41},"end":{"line":76,"column":42}},"loc":{"start":{"line":76,"column":48},"end":{"line":76,"column":85}},"line":76},"8":{"name":"(anonymous_8)","decl":{"start":{"line":79,"column":2},"end":{"line":79,"column":3}},"loc":{"start":{"line":79,"column":61},"end":{"line":91,"column":3}},"line":79},"9":{"name":"(anonymous_9)","decl":{"start":{"line":80,"column":21},"end":{"line":80,"column":22}},"loc":{"start":{"line":81,"column":6},"end":{"line":89,"column":8}},"line":81},"10":{"name":"(anonymous_10)","decl":{"start":{"line":81,"column":15},"end":{"line":81,"column":16}},"loc":{"start":{"line":81,"column":28},"end":{"line":89,"column":7}},"line":81},"11":{"name":"(anonymous_11)","decl":{"start":{"line":85,"column":35},"end":{"line":85,"column":36}},"loc":{"start":{"line":86,"column":12},"end":{"line":86,"column":83}},"line":86},"12":{"name":"(anonymous_12)","decl":{"start":{"line":93,"column":2},"end":{"line":93,"column":3}},"loc":{"start":{"line":93,"column":89},"end":{"line":106,"column":3}},"line":93},"13":{"name":"(anonymous_13)","decl":{"start":{"line":95,"column":21},"end":{"line":95,"column":22}},"loc":{"start":{"line":96,"column":6},"end":{"line":104,"column":8}},"line":96},"14":{"name":"(anonymous_14)","decl":{"start":{"line":96,"column":15},"end":{"line":96,"column":16}},"loc":{"start":{"line":96,"column":28},"end":{"line":104,"column":7}},"line":96},"15":{"name":"(anonymous_15)","decl":{"start":{"line":100,"column":35},"end":{"line":100,"column":36}},"loc":{"start":{"line":101,"column":12},"end":{"line":101,"column":81}},"line":101},"16":{"name":"(anonymous_16)","decl":{"start":{"line":108,"column":2},"end":{"line":108,"column":3}},"loc":{"start":{"line":114,"column":10},"end":{"line":131,"column":3}},"line":114},"17":{"name":"(anonymous_17)","decl":{"start":{"line":124,"column":21},"end":{"line":124,"column":22}},"loc":{"start":{"line":125,"column":6},"end":{"line":129,"column":7}},"line":125},"18":{"name":"(anonymous_18)","decl":{"start":{"line":125,"column":15},"end":{"line":125,"column":16}},"loc":{"start":{"line":126,"column":8},"end":{"line":128,"column":19}},"line":126},"19":{"name":"(anonymous_19)","decl":{"start":{"line":133,"column":2},"end":{"line":133,"column":3}},"loc":{"start":{"line":133,"column":67},"end":{"line":144,"column":3}},"line":133},"20":{"name":"(anonymous_20)","decl":{"start":{"line":135,"column":21},"end":{"line":135,"column":22}},"loc":{"start":{"line":136,"column":6},"end":{"line":142,"column":8}},"line":136},"21":{"name":"(anonymous_21)","decl":{"start":{"line":136,"column":15},"end":{"line":136,"column":16}},"loc":{"start":{"line":136,"column":28},"end":{"line":142,"column":7}},"line":136},"22":{"name":"(anonymous_22)","decl":{"start":{"line":140,"column":38},"end":{"line":140,"column":39}},"loc":{"start":{"line":140,"column":48},"end":{"line":140,"column":85}},"line":140},"23":{"name":"(anonymous_23)","decl":{"start":{"line":146,"column":2},"end":{"line":146,"column":3}},"loc":{"start":{"line":146,"column":60},"end":{"line":175,"column":3}},"line":146},"24":{"name":"(anonymous_24)","decl":{"start":{"line":147,"column":21},"end":{"line":147,"column":22}},"loc":{"start":{"line":147,"column":31},"end":{"line":174,"column":5}},"line":147},"25":{"name":"(anonymous_25)","decl":{"start":{"line":150,"column":28},"end":{"line":150,"column":29}},"loc":{"start":{"line":150,"column":41},"end":{"line":171,"column":7}},"line":150},"26":{"name":"(anonymous_26)","decl":{"start":{"line":154,"column":58},"end":{"line":154,"column":59}},"loc":{"start":{"line":154,"column":65},"end":{"line":154,"column":73}},"line":154},"27":{"name":"(anonymous_27)","decl":{"start":{"line":157,"column":18},"end":{"line":157,"column":19}},"loc":{"start":{"line":157,"column":28},"end":{"line":157,"column":57}},"line":157},"28":{"name":"(anonymous_28)","decl":{"start":{"line":158,"column":15},"end":{"line":158,"column":16}},"loc":{"start":{"line":158,"column":26},"end":{"line":165,"column":11}},"line":158},"29":{"name":"(anonymous_29)","decl":{"start":{"line":177,"column":2},"end":{"line":177,"column":3}},"loc":{"start":{"line":177,"column":43},"end":{"line":185,"column":3}},"line":177},"30":{"name":"(anonymous_30)","decl":{"start":{"line":178,"column":21},"end":{"line":178,"column":22}},"loc":{"start":{"line":179,"column":6},"end":{"line":183,"column":7}},"line":179},"31":{"name":"(anonymous_31)","decl":{"start":{"line":179,"column":15},"end":{"line":179,"column":16}},"loc":{"start":{"line":180,"column":8},"end":{"line":182,"column":19}},"line":180},"32":{"name":"(anonymous_32)","decl":{"start":{"line":187,"column":2},"end":{"line":187,"column":3}},"loc":{"start":{"line":187,"column":41},"end":{"line":189,"column":3}},"line":187},"33":{"name":"(anonymous_33)","decl":{"start":{"line":188,"column":21},"end":{"line":188,"column":22}},"loc":{"start":{"line":188,"column":31},"end":{"line":188,"column":69}},"line":188},"34":{"name":"(anonymous_34)","decl":{"start":{"line":188,"column":43},"end":{"line":188,"column":44}},"loc":{"start":{"line":188,"column":50},"end":{"line":188,"column":68}},"line":188}},"branchMap":{"0":{"loc":{"start":{"line":48,"column":4},"end":{"line":48,"column":45}},"type":"if","locations":[{"start":{"line":48,"column":4},"end":{"line":48,"column":45}},{"start":{},"end":{}}],"line":48},"1":{"loc":{"start":{"line":76,"column":48},"end":{"line":76,"column":85}},"type":"binary-expr","locations":[{"start":{"line":76,"column":48},"end":{"line":76,"column":67}},{"start":{"line":76,"column":71},"end":{"line":76,"column":85}}],"line":76},"2":{"loc":{"start":{"line":82,"column":8},"end":{"line":82,"column":53}},"type":"if","locations":[{"start":{"line":82,"column":8},"end":{"line":82,"column":53}},{"start":{},"end":{}}],"line":82},"3":{"loc":{"start":{"line":86,"column":12},"end":{"line":86,"column":83}},"type":"cond-expr","locations":[{"start":{"line":86,"column":37},"end":{"line":86,"column":76}},{"start":{"line":86,"column":79},"end":{"line":86,"column":83}}],"line":86},"4":{"loc":{"start":{"line":97,"column":8},"end":{"line":97,"column":53}},"type":"if","locations":[{"start":{"line":97,"column":8},"end":{"line":97,"column":53}},{"start":{},"end":{}}],"line":97},"5":{"loc":{"start":{"line":101,"column":12},"end":{"line":101,"column":81}},"type":"cond-expr","locations":[{"start":{"line":101,"column":52},"end":{"line":101,"column":74}},{"start":{"line":101,"column":77},"end":{"line":101,"column":81}}],"line":101},"6":{"loc":{"start":{"line":118,"column":16},"end":{"line":118,"column":32}},"type":"binary-expr","locations":[{"start":{"line":118,"column":16},"end":{"line":118,"column":24}},{"start":{"line":118,"column":28},"end":{"line":118,"column":32}}],"line":118},"7":{"loc":{"start":{"line":119,"column":12},"end":{"line":119,"column":24}},"type":"binary-expr","locations":[{"start":{"line":119,"column":12},"end":{"line":119,"column":16}},{"start":{"line":119,"column":20},"end":{"line":119,"column":24}}],"line":119},"8":{"loc":{"start":{"line":126,"column":8},"end":{"line":128,"column":19}},"type":"cond-expr","locations":[{"start":{"line":127,"column":12},"end":{"line":127,"column":62}},{"start":{"line":128,"column":12},"end":{"line":128,"column":19}}],"line":126},"9":{"loc":{"start":{"line":137,"column":8},"end":{"line":137,"column":53}},"type":"if","locations":[{"start":{"line":137,"column":8},"end":{"line":137,"column":53}},{"start":{},"end":{}}],"line":137},"10":{"loc":{"start":{"line":151,"column":8},"end":{"line":151,"column":53}},"type":"if","locations":[{"start":{"line":151,"column":8},"end":{"line":151,"column":53}},{"start":{},"end":{}}],"line":151},"11":{"loc":{"start":{"line":152,"column":8},"end":{"line":152,"column":48}},"type":"if","locations":[{"start":{"line":152,"column":8},"end":{"line":152,"column":48}},{"start":{},"end":{}}],"line":152},"12":{"loc":{"start":{"line":167,"column":8},"end":{"line":167,"column":50}},"type":"if","locations":[{"start":{"line":167,"column":8},"end":{"line":167,"column":50}},{"start":{},"end":{}}],"line":167},"13":{"loc":{"start":{"line":173,"column":13},"end":{"line":173,"column":36}},"type":"cond-expr","locations":[{"start":{"line":173,"column":25},"end":{"line":173,"column":29}},{"start":{"line":173,"column":32},"end":{"line":173,"column":36}}],"line":173},"14":{"loc":{"start":{"line":180,"column":8},"end":{"line":182,"column":19}},"type":"cond-expr","locations":[{"start":{"line":181,"column":12},"end":{"line":181,"column":65}},{"start":{"line":182,"column":12},"end":{"line":182,"column":19}}],"line":180}},"s":{"0":9,"1":1,"2":8,"3":16,"4":8,"5":8,"6":8,"7":8,"8":2,"9":2,"10":3,"11":3,"12":0,"13":0,"14":0,"15":0,"16":0,"17":0,"18":1,"19":1,"20":1,"21":1,"22":0,"23":1,"24":2,"25":2,"26":2,"27":2,"28":2,"29":1,"30":1,"31":1,"32":1,"33":0,"34":1,"35":3,"36":2,"37":2,"38":2,"39":3,"40":1,"41":2,"42":1,"43":1,"44":2,"45":1,"46":3,"47":1,"48":1,"49":0,"50":1,"51":1,"52":2,"53":2,"54":2,"55":2,"56":2,"57":2,"58":4},"f":{"0":7,"1":9,"2":16,"3":8,"4":2,"5":2,"6":3,"7":3,"8":0,"9":0,"10":0,"11":0,"12":1,"13":1,"14":1,"15":2,"16":2,"17":2,"18":2,"19":1,"20":1,"21":1,"22":3,"23":2,"24":2,"25":3,"26":2,"27":3,"28":1,"29":2,"30":2,"31":2,"32":2,"33":2,"34":4},"b":{"0":[1,8],"1":[3,2],"2":[0,0],"3":[0,0],"4":[0,1],"5":[1,1],"6":[2,2],"7":[2,2],"8":[2,0],"9":[0,1],"10":[1,2],"11":[1,1],"12":[0,1],"13":[1,1],"14":[2,0]},"_coverageSchema":"1a1c01bbd47fc00a2c39e90264f33305004495a9","hash":"6b08274411c6f3a2173e0a7f10f4fb89ac67df47"}
}
