TN:
SF:lib/api/sessionService.ts
FN:42,(anonymous_0)
FN:47,(anonymous_1)
FN:50,(anonymous_2)
FN:67,(anonymous_3)
FN:71,(anonymous_4)
FN:72,(anonymous_5)
FN:75,(anonymous_6)
FN:76,(anonymous_7)
FN:79,(anonymous_8)
FN:80,(anonymous_9)
FN:81,(anonymous_10)
FN:85,(anonymous_11)
FN:93,(anonymous_12)
FN:95,(anonymous_13)
FN:96,(anonymous_14)
FN:100,(anonymous_15)
FN:108,(anonymous_16)
FN:124,(anonymous_17)
FN:125,(anonymous_18)
FN:133,(anonymous_19)
FN:135,(anonymous_20)
FN:136,(anonymous_21)
FN:140,(anonymous_22)
FN:146,(anonymous_23)
FN:147,(anonymous_24)
FN:150,(anonymous_25)
FN:154,(anonymous_26)
FN:157,(anonymous_27)
FN:158,(anonymous_28)
FN:177,(anonymous_29)
FN:178,(anonymous_30)
FN:179,(anonymous_31)
FN:187,(anonymous_32)
FN:188,(anonymous_33)
FN:188,(anonymous_34)
FNF:35
FNH:31
FNDA:7,(anonymous_0)
FNDA:9,(anonymous_1)
FNDA:16,(anonymous_2)
FNDA:8,(anonymous_3)
FNDA:2,(anonymous_4)
FNDA:2,(anonymous_5)
FNDA:3,(anonymous_6)
FNDA:3,(anonymous_7)
FNDA:0,(anonymous_8)
FNDA:0,(anonymous_9)
FNDA:0,(anonymous_10)
FNDA:0,(anonymous_11)
FNDA:1,(anonymous_12)
FNDA:1,(anonymous_13)
FNDA:1,(anonymous_14)
FNDA:2,(anonymous_15)
FNDA:2,(anonymous_16)
FNDA:2,(anonymous_17)
FNDA:2,(anonymous_18)
FNDA:1,(anonymous_19)
FNDA:1,(anonymous_20)
FNDA:1,(anonymous_21)
FNDA:3,(anonymous_22)
FNDA:2,(anonymous_23)
FNDA:2,(anonymous_24)
FNDA:3,(anonymous_25)
FNDA:2,(anonymous_26)
FNDA:3,(anonymous_27)
FNDA:1,(anonymous_28)
FNDA:2,(anonymous_29)
FNDA:2,(anonymous_30)
FNDA:2,(anonymous_31)
FNDA:2,(anonymous_32)
FNDA:2,(anonymous_33)
FNDA:4,(anonymous_34)
DA:48,9
DA:50,16
DA:59,8
DA:67,8
DA:68,8
DA:72,2
DA:76,3
DA:80,0
DA:81,0
DA:82,0
DA:83,0
DA:86,0
DA:94,1
DA:95,1
DA:96,1
DA:97,1
DA:98,1
DA:101,2
DA:115,2
DA:124,2
DA:125,2
DA:126,2
DA:134,1
DA:135,1
DA:136,1
DA:137,1
DA:138,1
DA:140,3
DA:147,2
DA:148,2
DA:150,2
DA:151,3
DA:152,2
DA:154,2
DA:156,1
DA:157,3
DA:158,1
DA:167,1
DA:169,1
DA:170,1
DA:173,2
DA:178,2
DA:179,2
DA:180,2
DA:188,4
LF:45
LH:40
BRDA:48,0,0,1
BRDA:48,0,1,8
BRDA:76,1,0,3
BRDA:76,1,1,2
BRDA:82,2,0,0
BRDA:82,2,1,0
BRDA:86,3,0,0
BRDA:86,3,1,0
BRDA:97,4,0,0
BRDA:97,4,1,1
BRDA:101,5,0,1
BRDA:101,5,1,1
BRDA:118,6,0,2
BRDA:118,6,1,2
BRDA:119,7,0,2
BRDA:119,7,1,2
BRDA:126,8,0,2
BRDA:126,8,1,0
BRDA:137,9,0,0
BRDA:137,9,1,1
BRDA:151,10,0,1
BRDA:151,10,1,2
BRDA:152,11,0,1
BRDA:152,11,1,1
BRDA:167,12,0,0
BRDA:167,12,1,1
BRDA:173,13,0,1
BRDA:173,13,1,1
BRDA:180,14,0,2
BRDA:180,14,1,0
BRF:30
BRH:21
end_of_record
